C:\Program Files\Microsoft Visual Studio\2022\Community\MSBuild\Microsoft\VC\v170\Microsoft.CppBuild.targets(531,5): warning MSB8028: The intermediate directory (Debug\) contains files shared from another project (2D Physics - class 4.vcxproj).  This can lead to incorrect clean and rebuild behavior.
  Application.cpp
  log.cpp
  Main.cpp
  ModuleAudio.cpp
  ModuleInput.cpp
  ModulePhysics.cpp
C:\Users\guillemam2\Desktop\Crea una carpeta\ModulePhysics.cpp(40,8): warning C4244: 'initializing': conversion from 'float' to 'int', possible loss of data
C:\Users\guillemam2\Desktop\Crea una carpeta\ModulePhysics.cpp(121,23): warning C4244: '=': conversion from 'float' to 'int', possible loss of data
C:\Users\guillemam2\Desktop\Crea una carpeta\ModulePhysics.cpp(122,25): warning C4244: '=': conversion from 'float' to 'int', possible loss of data
C:\Users\guillemam2\Desktop\Crea una carpeta\ModulePhysics.cpp(165,20): warning C4018: '<': signed/unsigned mismatch
C:\Users\guillemam2\Desktop\Crea una carpeta\ModulePhysics.cpp(346,13): warning C4244: 'initializing': conversion from 'int' to 'float', possible loss of data
C:\Users\guillemam2\Desktop\Crea una carpeta\ModulePhysics.cpp(347,13): warning C4244: 'initializing': conversion from 'int' to 'float', possible loss of data
C:\Users\guillemam2\Desktop\Crea una carpeta\ModulePhysics.cpp(353,27): warning C4244: 'return': conversion from 'float32' to 'int', possible loss of data
  ModulePlayer.cpp
  ModuleRender.cpp
  ModuleSceneIntro.cpp
C:\Users\guillemam2\Desktop\Crea una carpeta\ModuleSceneIntro.cpp(158,45): warning C4244: 'argument': conversion from 'TYPE' to 'TYPE', possible loss of data
          with
          [
              TYPE=int
          ]
          and
          [
              TYPE=float
          ]
C:\Users\guillemam2\Desktop\Crea una carpeta\ModuleSceneIntro.cpp(158,30): warning C4244: 'argument': conversion from 'TYPE' to 'TYPE', possible loss of data
          with
          [
              TYPE=int
          ]
          and
          [
              TYPE=float
          ]
C:\Users\guillemam2\Desktop\Crea una carpeta\ModuleSceneIntro.cpp(160,18): warning C4244: 'argument': conversion from 'int' to 'float', possible loss of data
C:\Users\guillemam2\Desktop\Crea una carpeta\ModuleSceneIntro.cpp(162,70): warning C4244: 'argument': conversion from 'TYPE' to 'int', possible loss of data
          with
          [
              TYPE=float
          ]
C:\Users\guillemam2\Desktop\Crea una carpeta\ModuleSceneIntro.cpp(162,47): warning C4244: 'argument': conversion from 'TYPE' to 'int', possible loss of data
          with
          [
              TYPE=float
          ]
C:\Users\guillemam2\Desktop\Crea una carpeta\ModuleSceneIntro.cpp(165,138): warning C4244: 'argument': conversion from 'TYPE' to 'int', possible loss of data
          with
          [
              TYPE=float
          ]
C:\Users\guillemam2\Desktop\Crea una carpeta\ModuleSceneIntro.cpp(165,96): warning C4244: 'argument': conversion from 'TYPE' to 'int', possible loss of data
          with
          [
              TYPE=float
          ]
C:\Users\guillemam2\Desktop\Crea una carpeta\ModuleSceneIntro.cpp(165,57): warning C4244: 'argument': conversion from 'TYPE' to 'int', possible loss of data
          with
          [
              TYPE=float
          ]
C:\Users\guillemam2\Desktop\Crea una carpeta\ModuleSceneIntro.cpp(165,34): warning C4244: 'argument': conversion from 'TYPE' to 'int', possible loss of data
          with
          [
              TYPE=float
          ]
C:\Users\guillemam2\Desktop\Crea una carpeta\ModuleSceneIntro.cpp(173,9): warning C4101: 'y': unreferenced local variable
C:\Users\guillemam2\Desktop\Crea una carpeta\ModuleSceneIntro.cpp(173,6): warning C4101: 'x': unreferenced local variable
  ModuleTextures.cpp
  ModuleWindow.cpp
  Generating Code...
  SDL Game.vcxproj -> C:\Users\guillemam2\Desktop\Crea una carpeta\Debug\Pinball.exe
